TN:
SF:src/modules/users/services/CreateUser/CreateUserService.ts
FN:16,(anonymous_5)
FN:21,(anonymous_6)
FNF:2
FNH:2
FNDA:2,(anonymous_5)
FNDA:2,(anonymous_6)
DA:1,1
DA:3,1
DA:15,1
DA:18,2
DA:22,2
DA:24,2
DA:26,1
DA:30,1
LF:8
LH:8
BRDA:24,0,0,1
BRDA:24,0,1,1
BRF:2
BRH:2
end_of_record
TN:
SF:src/shared/middlewares/auth/services/CreateSession/CreateSessionService.ts
FN:22,(anonymous_5)
FN:27,(anonymous_6)
FNF:2
FNH:2
FNDA:3,(anonymous_5)
FNDA:3,(anonymous_6)
DA:1,1
DA:2,1
DA:3,1
DA:5,1
DA:21,1
DA:24,3
DA:28,3
DA:30,3
DA:32,2
DA:34,2
DA:36,1
DA:38,1
LF:12
LH:12
BRDA:30,0,0,1
BRDA:30,0,1,2
BRDA:34,1,0,1
BRDA:34,1,1,1
BRF:4
BRH:4
end_of_record
